\BOOKMARK [0][-]{pretexto.0}{Elementos Pr\351-Textuais}{}% 1
\BOOKMARK [1][-]{pretexto.1.1}{Capa}{pretexto.0}% 2
\BOOKMARK [1][-]{pretexto.2.1}{Publica\347\343o}{pretexto.0}% 3
\BOOKMARK [1][-]{pretexto.3.1}{Folha de Rosto}{pretexto.0}% 4
\BOOKMARK [1][-]{pretexto.4.1}{Aprova\347\343o}{pretexto.0}% 5
\BOOKMARK [1][-]{pretexto.6.1}{Dedicat\363ria}{pretexto.0}% 6
\BOOKMARK [1][-]{pretexto.7.1}{Agradecimentos}{pretexto.0}% 7
\BOOKMARK [1][-]{pretexto.10.1}{Ep\355grafe}{pretexto.0}% 8
\BOOKMARK [1][-]{pretexto.8.1}{Resumo}{pretexto.0}% 9
\BOOKMARK [1][-]{pretexto.9.1}{Abstract}{pretexto.0}% 10
\BOOKMARK [0][-]{sumario.0}{Sum\341rio}{}% 11
\BOOKMARK [0][-]{Doc-Start}{Lista de Figuras}{}% 12
\BOOKMARK [0][-]{Doc-Start}{Lista de Tabelas}{}% 13
\BOOKMARK [0][-]{chapter.1}{1 Introdu\347\343o}{}% 14
\BOOKMARK [1][-]{section.2}{1.1 Finalidade}{chapter.1}% 15
\BOOKMARK [0][-]{chapter.3}{2 Escopo do Projeto}{}% 16
\BOOKMARK [1][-]{section.4}{2.1 Situa\347\343o Atual}{chapter.3}% 17
\BOOKMARK [2][-]{subsection.5}{2.1.1 Motiva\347\343o}{section.4}% 18
\BOOKMARK [2][-]{subsection.6}{2.1.2 Problema}{section.4}% 19
\BOOKMARK [2][-]{subsection.7}{2.1.3 Hip\363tese}{section.4}% 20
\BOOKMARK [2][-]{subsection.8}{2.1.4 Justificativa}{section.4}% 21
\BOOKMARK [1][-]{section.9}{2.2 Objetivos}{chapter.3}% 22
\BOOKMARK [2][-]{subsection.10}{2.2.1 Objetivos Gerais}{section.9}% 23
\BOOKMARK [2][-]{subsection.11}{2.2.2 Objetivos Espec\355ficos}{section.9}% 24
\BOOKMARK [1][-]{section.12}{2.3 Cronograma}{chapter.3}% 25
\BOOKMARK [0][-]{chapter.13}{3 Fundamenta\347\343o Te\363rica}{}% 26
\BOOKMARK [1][-]{section.14}{3.1 Engenharia de Software}{chapter.13}% 27
\BOOKMARK [1][-]{section.15}{3.2 Gest\343o de Projetos}{chapter.13}% 28
\BOOKMARK [1][-]{section.16}{3.3 An\341lise e Defini\347\343o de Requisitos}{chapter.13}% 29
\BOOKMARK [2][-]{subsection.17}{3.3.1 Principais T\351cnicas de An\341lise e Levantamento de Requisitos}{section.16}% 30
\BOOKMARK [2][-]{subsection.18}{3.3.2 Tipos de Requisitos}{section.16}% 31
\BOOKMARK [3][-]{section*.19}{Requisitos Funcionais}{subsection.18}% 32
\BOOKMARK [3][-]{section*.20}{Requisitos N\343o-Funcionais}{subsection.18}% 33
\BOOKMARK [2][-]{subsection.21}{3.3.3 Prot\363tipos}{section.16}% 34
\BOOKMARK [2][-]{subsection.22}{3.3.4 Valida\347\343o de Requisitos}{section.16}% 35
\BOOKMARK [2][-]{subsection.23}{3.3.5 Linguagem Unificada de Modelagem - UML}{section.16}% 36
\BOOKMARK [2][-]{subsection.24}{3.3.6 Problemas}{section.16}% 37
\BOOKMARK [3][-]{section*.25}{Problemas com Stakeholders}{subsection.24}% 38
\BOOKMARK [3][-]{section*.26}{Problemas com Engenheiros/Desenvolvedores}{subsection.24}% 39
\BOOKMARK [2][-]{subsection.27}{3.3.7 Rastreabilidade de Requisitos}{section.16}% 40
\BOOKMARK [2][-]{subsection.28}{3.3.8 O Uso de Ferramentas para a An\341lise e Ger\352nciamento de Requisitos}{section.16}% 41
\BOOKMARK [2][-]{subsection.29}{3.3.9 Qualidade na fase de An\341lise de Requisitos}{section.16}% 42
\BOOKMARK [1][-]{section.30}{3.4 Arquitetura de Software}{chapter.13}% 43
\BOOKMARK [0][-]{chapter.31}{4 Estudo de Caso}{}% 44
\BOOKMARK [1][-]{section.32}{4.1 Regras de Neg\363cio e Requisitos Funcionais}{chapter.31}% 45
\BOOKMARK [1][-]{section.33}{4.2 Prototipos}{chapter.31}% 46
\BOOKMARK [1][-]{section.38}{4.3 Diagramas da UML}{chapter.31}% 47
\BOOKMARK [2][-]{subsection.39}{4.3.1 Diagrama de Caso de Uso}{section.38}% 48
\BOOKMARK [2][-]{subsection.41}{4.3.2 Diagrama de Atividade}{section.38}% 49
\BOOKMARK [2][-]{subsection.42}{4.3.3 Diagrama de Classe}{section.38}% 50
\BOOKMARK [1][-]{section.44}{4.4 Matriz de Rastreabilidade}{chapter.31}% 51
\BOOKMARK [1][-]{section.45}{4.5 Arquitetura do Software}{chapter.31}% 52
\BOOKMARK [1][-]{section.46}{4.6 Frameworks e Ferramentas Adotadas}{chapter.31}% 53
\BOOKMARK [2][-]{subsection.47}{4.6.1 Astah Community}{section.46}% 54
\BOOKMARK [2][-]{subsection.48}{4.6.2 Eclipse}{section.46}% 55
\BOOKMARK [2][-]{subsection.49}{4.6.3 Tomcat}{section.46}% 56
\BOOKMARK [2][-]{subsection.50}{4.6.4 Java}{section.46}% 57
\BOOKMARK [2][-]{subsection.51}{4.6.5 Java Server Faces}{section.46}% 58
\BOOKMARK [2][-]{subsection.52}{4.6.6 Primefaces}{section.46}% 59
\BOOKMARK [2][-]{subsection.53}{4.6.7 Spring}{section.46}% 60
\BOOKMARK [2][-]{subsection.54}{4.6.8 Hibernate}{section.46}% 61
\BOOKMARK [2][-]{subsection.55}{4.6.9 Maven}{section.46}% 62
\BOOKMARK [2][-]{subsection.56}{4.6.10 Junit}{section.46}% 63
\BOOKMARK [0][-]{chapter.57}{5 Considera\347\365es Finais}{}% 64
\BOOKMARK [1][-]{section.58}{5.1 Conclus\343o}{chapter.57}% 65
\BOOKMARK [2][-]{subsection.59}{5.1.1 Contribui\347\343o}{section.58}% 66
\BOOKMARK [1][-]{section.60}{5.2 Trabalhos Futuros}{chapter.57}% 67
\BOOKMARK [0][-]{section.60}{Refer\352ncias Bibliogr\341ficas}{}% 68
